2024-07-29 02:23 - fileOrganizerLogger - INFO - Starting to organize files in
2024-07-29 02:23 - fileOrganizerLogger - WARNING - Skipped ==> [$RECYCLE.BIN] type [Folder]
2024-07-29 02:23 - fileOrganizerLogger - WARNING - Skipped ==> [Audio] type [Folder]
2024-07-29 02:23 - fileOrganizerLogger - WARNING - Skipped ==> [Codes] type [Folder]
2024-07-29 02:23 - fileOrganizerLogger - WARNING - Skipped ==> [Dark Matter] type [Folder]
2024-07-29 02:23 - fileOrganizerLogger - WARNING - Skipped ==> [Documents] type [Folder]
2024-07-29 02:23 - fileOrganizerLogger - WARNING - Skipped ==> [Images] type [Folder]
2024-07-29 02:23 - fileOrganizerLogger - WARNING - Skipped ==> [RedRose Blood Hacking Course Uploaded By @manishter] type [Folder]
2024-07-29 02:23 - fileOrganizerLogger - WARNING - Skipped ==> [Screenshots] type [Folder]
2024-07-29 02:23 - fileOrganizerLogger - WARNING - Skipped ==> [System Volume Information] type [Folder]
2024-07-29 02:23 - fileOrganizerLogger - WARNING - Skipped ==> [Telegram Desktop] type [Folder]
2024-07-29 10:12 - fileOrganizerLogger - INFO - Starting to organize files in
2024-07-29 10:12 - fileOrganizerLogger - WARNING - Skipped ==> [$RECYCLE.BIN] type [Folder]
2024-07-29 10:12 - fileOrganizerLogger - WARNING - Skipped ==> [Audio] type [Folder]
2024-07-29 10:12 - fileOrganizerLogger - WARNING - Skipped ==> [Codes] type [Folder]
2024-07-29 10:12 - fileOrganizerLogger - WARNING - Skipped ==> [Dark Matter] type [Folder]
2024-07-29 10:12 - fileOrganizerLogger - WARNING - Skipped ==> [Documents] type [Folder]
2024-07-29 10:12 - fileOrganizerLogger - WARNING - Skipped ==> [Images] type [Folder]
2024-07-29 10:12 - fileOrganizerLogger - WARNING - Skipped ==> [RedRose Blood Hacking Course Uploaded By @manishter] type [Folder]
2024-07-29 10:12 - fileOrganizerLogger - WARNING - Skipped ==> [Screenshots] type [Folder]
2024-07-29 10:12 - fileOrganizerLogger - WARNING - Skipped ==> [System Volume Information] type [Folder]
2024-07-29 10:12 - fileOrganizerLogger - WARNING - Skipped ==> [Telegram Desktop] type [Folder]
2024-08-02 09:17 - fileOrganizerLogger - INFO - Starting to organize files in
2024-08-02 09:17 - fileOrganizerLogger - WARNING - Skipped ==> [$RECYCLE.BIN] type [Folder]
2024-08-02 09:17 - fileOrganizerLogger - WARNING - Skipped ==> [.git] type [Folder]
2024-08-02 09:19 - fileOrganizerLogger - INFO - Starting to organize files in
2024-08-02 09:19 - fileOrganizerLogger - WARNING - Skipped ==> [$RECYCLE.BIN] type [Folder]
2024-08-02 09:19 - fileOrganizerLogger - WARNING - Skipped ==> [.git] type [Folder]
2024-08-02 09:19 - fileOrganizerLogger - INFO - Starting to organize files in
2024-08-02 09:19 - fileOrganizerLogger - WARNING - Skipped ==> [$RECYCLE.BIN] type [Folder]
2024-08-02 09:19 - fileOrganizerLogger - WARNING - Skipped ==> [.git] type [Folder]
2024-08-02 09:20 - fileOrganizerLogger - INFO - Starting to organize files in
2024-08-02 09:20 - fileOrganizerLogger - WARNING - Skipped ==> [$RECYCLE.BIN] type [Folder]
2024-08-02 09:20 - fileOrganizerLogger - WARNING - Skipped ==> [.git] type [Folder]
2024-08-02 09:22 - fileOrganizerLogger - INFO - Starting to organize files in
2024-08-02 09:22 - fileOrganizerLogger - WARNING - Skipped ==> [$RECYCLE.BIN] type [Folder]
2024-08-02 09:22 - fileOrganizerLogger - WARNING - Skipped ==> [.git] type [Folder]
2024-08-02 09:22 - fileOrganizerLogger - WARNING - Ignoring ==> Special File Type [.gitignore]
2024-08-02 09:22 - fileOrganizerLogger - WARNING - Skipped ==> [Codes] type [Folder]
2024-08-02 09:22 - fileOrganizerLogger - WARNING - Skipped ==> [downloads folder] type [Folder]
2024-08-02 09:22 - fileOrganizerLogger - WARNING - Skipped ==> [Games] type [Folder]
2024-08-02 09:22 - fileOrganizerLogger - WARNING - Skipped ==> [nginx-1.26.1] type [Folder]
2024-08-02 09:22 - fileOrganizerLogger - WARNING - Skipped ==> [NLP_Tutorial_FreeCodeCamp] type [Folder]
2024-08-02 09:22 - fileOrganizerLogger - WARNING - Skipped ==> [ObsidianVaults] type [Folder]
2024-08-02 09:22 - fileOrganizerLogger - WARNING - Skipped ==> [PandeysVault] type [Folder]
2024-08-02 09:22 - fileOrganizerLogger - WARNING - Skipped ==> [PDFs] type [Folder]
2024-08-02 09:22 - fileOrganizerLogger - WARNING - Skipped ==> [Pics and Photos] type [Folder]
2024-08-02 09:22 - fileOrganizerLogger - WARNING - Skipped ==> [portfolioProjects] type [Folder]
2024-08-02 09:22 - fileOrganizerLogger - WARNING - Skipped ==> [System Volume Information] type [Folder]
2024-08-02 09:22 - fileOrganizerLogger - INFO - Folder Created Succesfully
2024-08-02 09:22 - fileOrganizerLogger - DEBUG - THM-TTEEVMPTS5.png was added to D:\Images
2024-08-02 09:22 - fileOrganizerLogger - WARNING - Skipped ==> [_web_] type [Folder]
2024-08-02 09:22 - fileOrganizerLogger - INFO - Starting to organize files in
2024-08-02 09:22 - fileOrganizerLogger - WARNING - Skipped ==> [$RECYCLE.BIN] type [Folder]
2024-08-02 09:22 - fileOrganizerLogger - WARNING - Skipped ==> [.git] type [Folder]
2024-08-02 09:22 - fileOrganizerLogger - WARNING - Ignoring ==> Special File Type [.gitignore]
2024-08-02 09:22 - fileOrganizerLogger - WARNING - Skipped ==> [Codes] type [Folder]
2024-08-02 09:22 - fileOrganizerLogger - WARNING - Skipped ==> [downloads folder] type [Folder]
2024-08-02 09:22 - fileOrganizerLogger - WARNING - Skipped ==> [Games] type [Folder]
2024-08-02 09:22 - fileOrganizerLogger - WARNING - Skipped ==> [Images] type [Folder]
2024-08-02 09:22 - fileOrganizerLogger - WARNING - Skipped ==> [nginx-1.26.1] type [Folder]
2024-08-02 09:22 - fileOrganizerLogger - WARNING - Skipped ==> [NLP_Tutorial_FreeCodeCamp] type [Folder]
2024-08-02 09:22 - fileOrganizerLogger - WARNING - Skipped ==> [ObsidianVaults] type [Folder]
2024-08-02 09:22 - fileOrganizerLogger - WARNING - Skipped ==> [PandeysVault] type [Folder]
2024-08-02 09:22 - fileOrganizerLogger - WARNING - Skipped ==> [PDFs] type [Folder]
2024-08-02 09:22 - fileOrganizerLogger - WARNING - Skipped ==> [Pics and Photos] type [Folder]
2024-08-02 09:22 - fileOrganizerLogger - WARNING - Skipped ==> [portfolioProjects] type [Folder]
2024-08-02 09:22 - fileOrganizerLogger - WARNING - Skipped ==> [System Volume Information] type [Folder]
2024-08-02 09:22 - fileOrganizerLogger - WARNING - Skipped ==> [_web_] type [Folder]
2024-08-02 09:23 - fileOrganizerLogger - INFO - Starting to organize files in
2024-08-02 09:23 - fileOrganizerLogger - WARNING - Skipped ==> [$RECYCLE.BIN] type [Folder]
2024-08-02 09:23 - fileOrganizerLogger - WARNING - Skipped ==> [.git] type [Folder]
2024-08-02 09:23 - fileOrganizerLogger - WARNING - Ignored ==> Special File Type [.gitignore]
2024-08-02 09:23 - fileOrganizerLogger - WARNING - Skipped ==> [Codes] type [Folder]
2024-08-02 09:23 - fileOrganizerLogger - WARNING - Skipped ==> [downloads folder] type [Folder]
2024-08-02 09:23 - fileOrganizerLogger - WARNING - Skipped ==> [Games] type [Folder]
2024-08-02 09:23 - fileOrganizerLogger - WARNING - Skipped ==> [Images] type [Folder]
2024-08-02 09:23 - fileOrganizerLogger - WARNING - Skipped ==> [nginx-1.26.1] type [Folder]
2024-08-02 09:23 - fileOrganizerLogger - WARNING - Skipped ==> [NLP_Tutorial_FreeCodeCamp] type [Folder]
2024-08-02 09:23 - fileOrganizerLogger - WARNING - Skipped ==> [ObsidianVaults] type [Folder]
2024-08-02 09:23 - fileOrganizerLogger - WARNING - Skipped ==> [PandeysVault] type [Folder]
2024-08-02 09:23 - fileOrganizerLogger - WARNING - Skipped ==> [PDFs] type [Folder]
2024-08-02 09:23 - fileOrganizerLogger - WARNING - Skipped ==> [Pics and Photos] type [Folder]
2024-08-02 09:23 - fileOrganizerLogger - WARNING - Skipped ==> [portfolioProjects] type [Folder]
2024-08-02 09:23 - fileOrganizerLogger - WARNING - Skipped ==> [System Volume Information] type [Folder]
2024-08-02 09:23 - fileOrganizerLogger - WARNING - Skipped ==> [_web_] type [Folder]
